Unity Editor version:    2022.3.21f1 (bf09ca542b87)
Branch:                  2022.3/staging
Build type:              Release
Batch mode:              YES
System name:             Linux
Distro version:          #29~22.04.1-Ubuntu SMP PREEMPT_DYNAMIC Thu Apr  4 14:39:20 UTC 2
Kernel version:          6.5.0-28-generic
Architecture:            x86_64
Available memory:        15644 MB
Using pre-set license
Pro License: YES
Desktop is 3286 x 1080 @ 60 Hz
Initialize udev device monitor.

COMMAND LINE ARGUMENTS:
Unity
-adb2
-batchMode
-noUpm
-name
AssetImportWorker1
-projectPath
/home/kane/Desktop/Application/game-dev-232/Assignment5
-logFile
Logs/AssetImportWorker1.log
-srvPort
42121
Successfully changed project path to: /home/kane/Desktop/Application/game-dev-232/Assignment5
/home/kane/Desktop/Application/game-dev-232/Assignment5
[UnityMemory] Configuration Parameters - Can be set up in boot.config
    "memorysetup-bucket-allocator-granularity=16"
    "memorysetup-bucket-allocator-bucket-count=8"
    "memorysetup-bucket-allocator-block-size=33554432"
    "memorysetup-bucket-allocator-block-count=8"
    "memorysetup-main-allocator-block-size=16777216"
    "memorysetup-thread-allocator-block-size=16777216"
    "memorysetup-gfx-main-allocator-block-size=16777216"
    "memorysetup-gfx-thread-allocator-block-size=16777216"
    "memorysetup-cache-allocator-block-size=4194304"
    "memorysetup-typetree-allocator-block-size=2097152"
    "memorysetup-profiler-bucket-allocator-granularity=16"
    "memorysetup-profiler-bucket-allocator-bucket-count=8"
    "memorysetup-profiler-bucket-allocator-block-size=33554432"
    "memorysetup-profiler-bucket-allocator-block-count=8"
    "memorysetup-profiler-allocator-block-size=16777216"
    "memorysetup-profiler-editor-allocator-block-size=1048576"
    "memorysetup-temp-allocator-size-main=16777216"
    "memorysetup-job-temp-allocator-block-size=2097152"
    "memorysetup-job-temp-allocator-block-size-background=1048576"
    "memorysetup-job-temp-allocator-reduction-small-platforms=262144"
    "memorysetup-allocator-temp-initial-block-size-main=262144"
    "memorysetup-allocator-temp-initial-block-size-worker=262144"
    "memorysetup-temp-allocator-size-background-worker=32768"
    "memorysetup-temp-allocator-size-job-worker=262144"
    "memorysetup-temp-allocator-size-preload-manager=33554432"
    "memorysetup-temp-allocator-size-nav-mesh-worker=65536"
    "memorysetup-temp-allocator-size-audio-worker=65536"
    "memorysetup-temp-allocator-size-cloud-worker=32768"
    "memorysetup-temp-allocator-size-gi-baking-worker=262144"
    "memorysetup-temp-allocator-size-gfx=262144"
Player connection [131761361675200] Host "[IP] 192.168.0.112 [Port] 0 [Flags] 2 [Guid] 360047116 [EditorId] 360047116 [Version] 1048832 [Id] LinuxEditor(16,192.168.0.112) [Debug] 1 [PackageName] LinuxEditor [ProjectName] Editor" joined multi-casting on [225.0.0.222:54997]...

Player connection [131761361675200] Host "[IP] 192.168.0.112 [Port] 0 [Flags] 2 [Guid] 360047116 [EditorId] 360047116 [Version] 1048832 [Id] LinuxEditor(16,192.168.0.112) [Debug] 1 [PackageName] LinuxEditor [ProjectName] Editor" joined alternative multi-casting on [225.0.0.222:34997]...

[Physics::Module] Initialized MultithreadedJobDispatcher with 7 workers.
Refreshing native plugins compatible for Editor in 7,45 ms, found 0 plugins.
Preloading 0 native plugins for Editor in 0,00 ms.
Initialize engine version: 2022.3.21f1 (bf09ca542b87)
[Subsystems] Discovering subsystems at path /home/kane/Unity/Hub/Editor/2022.3.21f1/Editor/Data/Resources/UnitySubsystems
[Subsystems] Discovering subsystems at path /home/kane/Desktop/Application/game-dev-232/Assignment5/Assets
GLX Extensions: GLX_ARB_context_flush_control GLX_ARB_create_context GLX_ARB_create_context_no_error GLX_ARB_create_context_profile GLX_ARB_create_context_robustness GLX_ARB_fbconfig_float GLX_ARB_framebuffer_sRGB GLX_ARB_get_proc_address GLX_ARB_multisample GLX_EXT_buffer_age GLX_EXT_create_context_es2_profile GLX_EXT_create_context_es_profile GLX_EXT_fbconfig_packed_float GLX_EXT_framebuffer_sRGB GLX_EXT_no_config_context GLX_EXT_swap_control GLX_EXT_swap_control_tear GLX_EXT_texture_from_pixmap GLX_EXT_visual_info GLX_EXT_visual_rating GLX_MESA_copy_sub_buffer GLX_MESA_query_renderer GLX_MESA_swap_control GLX_OML_swap_method GLX_OML_sync_control GLX_SGIS_multisample GLX_SGIX_fbconfig GLX_SGIX_pbuffer GLX_SGIX_visual_select_group GLX_SGI_make_current_read GLX_SGI_video_sync 
Renderer: Mesa Intel(R) UHD Graphics (CML GT2)
Vendor:   Intel
Version:  4.6 (Core Profile) Mesa 23.2.1-1ubuntu3.1~22.04.2
GLES:     0
 GL_3DFX_texture_compression_FXT1 GL_AMD_conservative_depth GL_AMD_depth_clamp_separate GL_AMD_draw_buffers_blend GL_AMD_gpu_shader_int64 GL_AMD_multi_draw_indirect GL_AMD_performance_monitor GL_AMD_pinned_memory GL_AMD_query_buffer_object GL_AMD_seamless_cubemap_per_texture GL_AMD_shader_stencil_export GL_AMD_shader_trinary_minmax GL_AMD_texture_texture4 GL_AMD_vertex_shader_layer GL_AMD_vertex_shader_viewport_index GL_ANGLE_texture_compression_dxt3 GL_ANGLE_texture_compression_dxt5 GL_ARB_ES2_compatibility GL_ARB_ES3_1_compatibility GL_ARB_ES3_2_compatibility GL_ARB_ES3_compatibility GL_ARB_arrays_of_arrays GL_ARB_base_instance GL_ARB_blend_func_extended GL_ARB_buffer_storage GL_ARB_clear_buffer_object GL_ARB_clear_texture GL_ARB_clip_control GL_ARB_compressed_texture_pixel_storage GL_ARB_compute_shader GL_ARB_compute_variable_group_size GL_ARB_conditional_render_inverted GL_ARB_conservative_depth GL_ARB_copy_buffer GL_ARB_copy_image GL_ARB_cull_distance GL_ARB_debug_output GL_ARB_depth_buffer_float GL_ARB
_depth_clamp GL_ARB_derivative_control GL_ARB_direct_state_access GL_ARB_draw_buffers GL_ARB_draw_buffers_blend GL_ARB_draw_elements_base_vertex GL_ARB_draw_indirect GL_ARB_draw_instanced GL_ARB_enhanced_layouts GL_ARB_explicit_attrib_location GL_ARB_explicit_uniform_location GL_ARB_fragment_coord_conventions GL_ARB_fragment_layer_viewport GL_ARB_fragment_shader GL_ARB_fragment_shader_interlock GL_ARB_framebuffer_no_attachments GL_ARB_framebuffer_object GL_ARB_framebuffer_sRGB GL_ARB_get_program_binary GL_ARB_get_texture_sub_image GL_ARB_gl_spirv GL_ARB_gpu_shader5 GL_ARB_gpu_shader_fp64 GL_ARB_gpu_shader_int64 GL_ARB_half_float_pixel GL_ARB_half_float_vertex GL_ARB_indirect_parameters GL_ARB_instanced_arrays GL_ARB_internalformat_query GL_ARB_internalformat_query2 GL_ARB_invalidate_subdata GL_ARB_map_buffer_alignment GL_ARB_map_buffer_range GL_ARB_multi_bind GL_ARB_multi_draw_indirect GL_ARB_occlusion_query2 GL_ARB_parallel_shader_compile GL_ARB_pipeline_statistics_query GL_ARB_pixel_buffer_object GL_ARB_po
int_sprite GL_ARB_polygon_offset_clamp GL_ARB_post_depth_coverage GL_ARB_program_interface_query GL_ARB_provoking_vertex GL_ARB_query_buffer_object GL_ARB_robust_buffer_access_behavior GL_ARB_robustness GL_ARB_sample_shading GL_ARB_sampler_objects GL_ARB_seamless_cube_map GL_ARB_seamless_cubemap_per_texture GL_ARB_separate_shader_objects GL_ARB_shader_atomic_counter_ops GL_ARB_shader_atomic_counters GL_ARB_shader_ballot GL_ARB_shader_bit_encoding GL_ARB_shader_clock GL_ARB_shader_draw_parameters GL_ARB_shader_group_vote GL_ARB_shader_image_load_store GL_ARB_shader_image_size GL_ARB_shader_objects GL_ARB_shader_precision GL_ARB_shader_stencil_export GL_ARB_shader_storage_buffer_object GL_ARB_shader_subroutine GL_ARB_shader_texture_image_samples GL_ARB_shader_texture_lod GL_ARB_shader_viewport_layer_array GL_ARB_shading_language_420pack GL_ARB_shading_language_include GL_ARB_shading_language_packing GL_ARB_spirv_extensions GL_ARB_stencil_texturing GL_ARB_sync GL_ARB_tessellation_shader GL_ARB_texture_barrier G
L_ARB_texture_buffer_object GL_ARB_texture_buffer_object_rgb32 GL_ARB_texture_buffer_range GL_ARB_texture_compression_bptc GL_ARB_texture_compression_rgtc GL_ARB_texture_cube_map_array GL_ARB_texture_filter_anisotropic GL_ARB_texture_float GL_ARB_texture_gather GL_ARB_texture_mirror_clamp_to_edge GL_ARB_texture_multisample GL_ARB_texture_non_power_of_two GL_ARB_texture_query_levels GL_ARB_texture_query_lod GL_ARB_texture_rectangle GL_ARB_texture_rg GL_ARB_texture_rgb10_a2ui GL_ARB_texture_stencil8 GL_ARB_texture_storage GL_ARB_texture_storage_multisample GL_ARB_texture_swizzle GL_ARB_texture_view GL_ARB_timer_query GL_ARB_transform_feedback2 GL_ARB_transform_feedback3 GL_ARB_transform_feedback_instanced GL_ARB_transform_feedback_overflow_query GL_ARB_uniform_buffer_object GL_ARB_vertex_array_bgra GL_ARB_vertex_array_object GL_ARB_vertex_attrib_64bit GL_ARB_vertex_attrib_binding GL_ARB_vertex_buffer_object GL_ARB_vertex_shader GL_ARB_vertex_type_10f_11f_11f_rev GL_ARB_vertex_type_2_10_10_10_rev GL_ARB_viewpor
t_array GL_ATI_blend_equation_separate GL_ATI_texture_float GL_EXT_EGL_image_storage GL_EXT_EGL_sync GL_EXT_abgr GL_EXT_blend_equation_separate GL_EXT_debug_label GL_EXT_demote_to_helper_invocation GL_EXT_draw_buffers2 GL_EXT_draw_instanced GL_EXT_framebuffer_blit GL_EXT_framebuffer_multisample GL_EXT_framebuffer_multisample_blit_scaled GL_EXT_framebuffer_object GL_EXT_framebuffer_sRGB GL_EXT_memory_object GL_EXT_memory_object_fd GL_EXT_packed_depth_stencil GL_EXT_packed_float GL_EXT_pixel_buffer_object GL_EXT_polygon_offset_clamp GL_EXT_provoking_vertex GL_EXT_semaphore GL_EXT_semaphore_fd GL_EXT_shader_framebuffer_fetch GL_EXT_shader_framebuffer_fetch_non_coherent GL_EXT_shader_integer_mix GL_EXT_shader_samples_identical GL_EXT_texture_array GL_EXT_texture_compression_dxt1 GL_EXT_texture_compression_rgtc GL_EXT_texture_compression_s3tc GL_EXT_texture_filter_anisotropic GL_EXT_texture_integer GL_EXT_texture_sRGB GL_EXT_texture_sRGB_R8 GL_EXT_texture_sRGB_decode GL_EXT_texture_shadow_lod GL_EXT_texture_share
d_exponent GL_EXT_texture_snorm GL_EXT_texture_swizzle GL_EXT_timer_query GL_EXT_transform_feedback GL_EXT_vertex_array_bgra GL_EXT_vertex_attrib_64bit GL_IBM_multimode_draw_arrays GL_INTEL_blackhole_render GL_INTEL_conservative_rasterization GL_INTEL_performance_query GL_INTEL_shader_atomic_float_minmax GL_INTEL_shader_integer_functions2 GL_KHR_blend_equation_advanced GL_KHR_blend_equation_advanced_coherent GL_KHR_context_flush_control GL_KHR_debug GL_KHR_no_error GL_KHR_parallel_shader_compile GL_KHR_robust_buffer_access_behavior GL_KHR_robustness GL_KHR_texture_compression_astc_ldr GL_KHR_texture_compression_astc_sliced_3d GL_MESA_framebuffer_flip_y GL_MESA_pack_invert GL_MESA_shader_integer_functions GL_MESA_texture_signed_rgba GL_NV_alpha_to_coverage_dither_control GL_NV_compute_shader_derivatives GL_NV_conditional_render GL_NV_copy_image GL_NV_depth_clamp GL_NV_fragment_shader_interlock GL_NV_packed_depth_stencil GL_NV_texture_barrier GL_OES_EGL_image GL_S3_s3tc
OPENGL LOG: Creating OpenGL 4.6 graphics device ; Context level  <OpenGL 4.5> ; Context handle 697068896
Invalid texture used for cursor - check importer settings or texture creation. Texture must be RGBA32, readable, have alphaIsTransparency enabled and have no mip chain.
Shader Hidden/ProbeVolume/VoxelizeScene is not supported: GPU does not support conservative rasterization
Initialize mono
Mono path[0] = '/home/kane/Unity/Hub/Editor/2022.3.21f1/Editor/Data/Managed'
Mono path[1] = '/home/kane/Unity/Hub/Editor/2022.3.21f1/Editor/Data/MonoBleedingEdge/lib/mono/unityjit-linux'
Mono config path = '/home/kane/Unity/Hub/Editor/2022.3.21f1/Editor/Data/MonoBleedingEdge/etc'
Using monoOptions --debugger-agent=transport=dt_socket,embedding=1,server=y,suspend=n,address=127.0.0.1:56986
Begin MonoManager ReloadAssembly
Registering precompiled unity dll's ...
Register platform support module: /home/kane/Unity/Hub/Editor/2022.3.21f1/Editor/Data/PlaybackEngines/WebGLSupport/UnityEditor.WebGL.Extensions.dll
Register platform support module: /home/kane/Unity/Hub/Editor/2022.3.21f1/Editor/Data/PlaybackEngines/LinuxStandaloneSupport/UnityEditor.LinuxStandalone.Extensions.dll
Registered in 0,015425 seconds.
- Loaded All Assemblies, in  0,694 seconds
Native extension for LinuxStandalone target not found
Native extension for WebGL target not found
Mono: successfully reloaded assembly
- Finished resetting the current domain, in  0,649 seconds
Domain Reload Profiling: 1344ms
	BeginReloadAssembly (156ms)
		ExecutionOrderSort (0ms)
		DisableScriptedObjects (0ms)
		BackupInstance (0ms)
		ReleaseScriptingObjects (0ms)
		CreateAndSetChildDomain (2ms)
	RebuildCommonClasses (94ms)
	RebuildNativeTypeToScriptingClass (23ms)
	initialDomainReloadingComplete (142ms)
	LoadAllAssembliesAndSetupDomain (279ms)
		LoadAssemblies (154ms)
		RebuildTransferFunctionScriptingTraits (0ms)
		AnalyzeDomain (276ms)
			TypeCache.Refresh (274ms)
				TypeCache.ScanAssembly (251ms)
			ScanForSourceGeneratedMonoScriptInfo (1ms)
			ResolveRequiredComponents (1ms)
	FinalizeReload (650ms)
		ReleaseScriptCaches (0ms)
		RebuildScriptCaches (0ms)
		SetupLoadedEditorAssemblies (505ms)
			LogAssemblyErrors (0ms)
			InitializePlatformSupportModulesInManaged (19ms)
			SetLoadedEditorAssemblies (12ms)
			RefreshPlugins (0ms)
			BeforeProcessingInitializeOnLoad (4ms)
			ProcessInitializeOnLoadAttributes (359ms)
			ProcessInitializeOnLoadMethodAttributes (111ms)
			AfterProcessingInitializeOnLoad (0ms)
			EditorAssembliesLoaded (0ms)
		ExecutionOrderSort2 (0ms)
		AwakeInstancesAfterBackupRestoration (0ms)
========================================================================
Worker process is ready to serve import requests
Begin MonoManager ReloadAssembly
- Loaded All Assemblies, in  1,452 seconds
Refreshing native plugins compatible for Editor in 3,16 ms, found 0 plugins.
Native extension for LinuxStandalone target not found
Native extension for WebGL target not found
Package Manager log level set to [2]
[Package Manager] Server::EnsureServerProcessIsRunning -- launch failed, reason: Unity was launched with the -noUpm command-line argument
[Package Manager] UpmClient::Send -- Unable to send message (not connected to UPM process).
[Package Manager] Cannot connect to Unity Package Manager local server
Mono: successfully reloaded assembly
- Finished resetting the current domain, in  2,063 seconds
Domain Reload Profiling: 3513ms
	BeginReloadAssembly (200ms)
		ExecutionOrderSort (0ms)
		DisableScriptedObjects (10ms)
		BackupInstance (0ms)
		ReleaseScriptingObjects (0ms)
		CreateAndSetChildDomain (34ms)
	RebuildCommonClasses (63ms)
	RebuildNativeTypeToScriptingClass (18ms)
	initialDomainReloadingComplete (75ms)
	LoadAllAssembliesAndSetupDomain (1093ms)
		LoadAssemblies (592ms)
		RebuildTransferFunctionScriptingTraits (0ms)
		AnalyzeDomain (588ms)
			TypeCache.Refresh (503ms)
				TypeCache.ScanAssembly (473ms)
			ScanForSourceGeneratedMonoScriptInfo (56ms)
			ResolveRequiredComponents (26ms)
	FinalizeReload (2064ms)
		ReleaseScriptCaches (0ms)
		RebuildScriptCaches (0ms)
		SetupLoadedEditorAssemblies (1627ms)
			LogAssemblyErrors (0ms)
			InitializePlatformSupportModulesInManaged (14ms)
			SetLoadedEditorAssemblies (7ms)
			RefreshPlugins (0ms)
			BeforeProcessingInitializeOnLoad (181ms)
			ProcessInitializeOnLoadAttributes (1330ms)
			ProcessInitializeOnLoadMethodAttributes (86ms)
			AfterProcessingInitializeOnLoad (8ms)
			EditorAssembliesLoaded (0ms)
		ExecutionOrderSort2 (0ms)
		AwakeInstancesAfterBackupRestoration (8ms)
Shader Hidden/ProbeVolume/VoxelizeScene is not supported: GPU does not support conservative rasterization
Launched and connected shader compiler UnityShaderCompiler after 0.02 seconds
Refreshing native plugins compatible for Editor in 3,00 ms, found 0 plugins.
Preloading 0 native plugins for Editor in 0,00 ms.
Unloading 7010 Unused Serialized files (Serialized files now loaded: 0)
Unloading 311 unused Assets / (20,6 MB). Loaded Objects now: 7290.
Memory consumption went from 331,0 MB to 310,4 MB.
Total: 24,874705 ms (FindLiveObjects: 0,748892 ms CreateObjectMapping: 0,853155 ms MarkObjects: 7,408091 ms  DeleteObjects: 15,862960 ms)

AssetImportParameters requested are different than current active one (requested -> active):
  custom:container-demuxer-ogg: 62fdf1f143b41e24485cea50d1cbac27 -> 
  custom:container-muxer-webm: aa71ff27fc2769a1b78a27578f13a17b -> 
  custom:video-decoder-webm-vp8: 9c59270c3fd7afecdb556c50c9e8de78 -> 
  custom:SearchIndexIgnoredProperties: e643bd26f0fe6173181afceb89e7c659 -> 
  custom:AudioImporter_EditorPlatform: 2f0ff77a95e0ac474e3e8eeba4e2f7cb -> 
  custom:audio-decoder-ogg-vorbis: bf7c407c2cedff20999df2af8eb42d56 -> 
  custom:audio-encoder-webm-vorbis: bf7c407c2cedff20999df2af8eb42d56 -> 
  custom:video-decoder-ogg-theora: a1e56fd34408186e4bbccfd4996cb3dc -> 
  custom:CustomObjectIndexerAttribute: f3847dcb39c2a616e8d79845aaae36f1 -> 
  custom:container-demuxer-webm: 4f35f7cbe854078d1ac9338744f61a02 -> 
  custom:video-encoder-webm-vp8: eb34c28f22e8b96e1ab97ce403110664 -> 
========================================================================
Received Prepare
Begin MonoManager ReloadAssembly
- Loaded All Assemblies, in  0,869 seconds
Refreshing native plugins compatible for Editor in 3,66 ms, found 0 plugins.
Native extension for LinuxStandalone target not found
Native extension for WebGL target not found
[Package Manager] Server::EnsureServerProcessIsRunning -- launch failed, reason: Unity was launched with the -noUpm command-line argument
[Package Manager] UpmClient::Send -- Unable to send message (not connected to UPM process).
[Package Manager] Cannot connect to Unity Package Manager local server
Mono: successfully reloaded assembly
- Finished resetting the current domain, in  2,104 seconds
Domain Reload Profiling: 2971ms
	BeginReloadAssembly (234ms)
		ExecutionOrderSort (0ms)
		DisableScriptedObjects (9ms)
		BackupInstance (0ms)
		ReleaseScriptingObjects (0ms)
		CreateAndSetChildDomain (85ms)
	RebuildCommonClasses (69ms)
	RebuildNativeTypeToScriptingClass (18ms)
	initialDomainReloadingComplete (54ms)
	LoadAllAssembliesAndSetupDomain (490ms)
		LoadAssemblies (427ms)
		RebuildTransferFunctionScriptingTraits (0ms)
		AnalyzeDomain (151ms)
			TypeCache.Refresh (18ms)
				TypeCache.ScanAssembly (1ms)
			ScanForSourceGeneratedMonoScriptInfo (104ms)
			ResolveRequiredComponents (27ms)
	FinalizeReload (2105ms)
		ReleaseScriptCaches (0ms)
		RebuildScriptCaches (0ms)
		SetupLoadedEditorAssemblies (1166ms)
			LogAssemblyErrors (0ms)
			InitializePlatformSupportModulesInManaged (12ms)
			SetLoadedEditorAssemblies (6ms)
			RefreshPlugins (0ms)
			BeforeProcessingInitializeOnLoad (133ms)
			ProcessInitializeOnLoadAttributes (950ms)
			ProcessInitializeOnLoadMethodAttributes (58ms)
			AfterProcessingInitializeOnLoad (7ms)
			EditorAssembliesLoaded (0ms)
		ExecutionOrderSort2 (0ms)
		AwakeInstancesAfterBackupRestoration (7ms)
Shader Hidden/ProbeVolume/VoxelizeScene is not supported: GPU does not support conservative rasterization
Refreshing native plugins compatible for Editor in 2,88 ms, found 0 plugins.
Preloading 0 native plugins for Editor in 0,00 ms.
Unloading 6908 Unused Serialized files (Serialized files now loaded: 0)
Unloading 271 unused Assets / (20,4 MB). Loaded Objects now: 7293.
Memory consumption went from 308,5 MB to 288,1 MB.
Total: 18,864212 ms (FindLiveObjects: 0,748954 ms CreateObjectMapping: 0,786127 ms MarkObjects: 6,489366 ms  DeleteObjects: 10,837534 ms)

Prepare: number of updated asset objects reloaded= 0
AssetImportParameters requested are different than current active one (requested -> active):
  custom:container-demuxer-ogg: 62fdf1f143b41e24485cea50d1cbac27 -> 
  custom:container-muxer-webm: aa71ff27fc2769a1b78a27578f13a17b -> 
  custom:video-decoder-webm-vp8: 9c59270c3fd7afecdb556c50c9e8de78 -> 
  custom:SearchIndexIgnoredProperties: e643bd26f0fe6173181afceb89e7c659 -> 
  custom:AudioImporter_EditorPlatform: 2f0ff77a95e0ac474e3e8eeba4e2f7cb -> 
  custom:audio-decoder-ogg-vorbis: bf7c407c2cedff20999df2af8eb42d56 -> 
  custom:audio-encoder-webm-vorbis: bf7c407c2cedff20999df2af8eb42d56 -> 
  custom:video-decoder-ogg-theora: a1e56fd34408186e4bbccfd4996cb3dc -> 
  custom:CustomObjectIndexerAttribute: f3847dcb39c2a616e8d79845aaae36f1 -> 
  custom:container-demuxer-webm: 4f35f7cbe854078d1ac9338744f61a02 -> 
  custom:video-encoder-webm-vp8: eb34c28f22e8b96e1ab97ce403110664 -> 
========================================================================
Received Prepare
Begin MonoManager ReloadAssembly
- Loaded All Assemblies, in  0,749 seconds
Refreshing native plugins compatible for Editor in 3,53 ms, found 0 plugins.
Native extension for LinuxStandalone target not found
Native extension for WebGL target not found
[Package Manager] Server::EnsureServerProcessIsRunning -- launch failed, reason: Unity was launched with the -noUpm command-line argument
[Package Manager] UpmClient::Send -- Unable to send message (not connected to UPM process).
[Package Manager] Cannot connect to Unity Package Manager local server
Mono: successfully reloaded assembly
- Finished resetting the current domain, in  3,409 seconds
Domain Reload Profiling: 4156ms
	BeginReloadAssembly (224ms)
		ExecutionOrderSort (0ms)
		DisableScriptedObjects (8ms)
		BackupInstance (0ms)
		ReleaseScriptingObjects (0ms)
		CreateAndSetChildDomain (74ms)
	RebuildCommonClasses (67ms)
	RebuildNativeTypeToScriptingClass (18ms)
	initialDomainReloadingComplete (52ms)
	LoadAllAssembliesAndSetupDomain (385ms)
		LoadAssemblies (435ms)
		RebuildTransferFunctionScriptingTraits (0ms)
		AnalyzeDomain (41ms)
			TypeCache.Refresh (13ms)
				TypeCache.ScanAssembly (0ms)
			ScanForSourceGeneratedMonoScriptInfo (0ms)
			ResolveRequiredComponents (25ms)
	FinalizeReload (3410ms)
		ReleaseScriptCaches (0ms)
		RebuildScriptCaches (0ms)
		SetupLoadedEditorAssemblies (2211ms)
			LogAssemblyErrors (0ms)
			InitializePlatformSupportModulesInManaged (21ms)
			SetLoadedEditorAssemblies (13ms)
			RefreshPlugins (0ms)
			BeforeProcessingInitializeOnLoad (241ms)
			ProcessInitializeOnLoadAttributes (1818ms)
			ProcessInitializeOnLoadMethodAttributes (108ms)
			AfterProcessingInitializeOnLoad (10ms)
			EditorAssembliesLoaded (0ms)
		ExecutionOrderSort2 (0ms)
		AwakeInstancesAfterBackupRestoration (13ms)
Shader Hidden/ProbeVolume/VoxelizeScene is not supported: GPU does not support conservative rasterization
Refreshing native plugins compatible for Editor in 5,11 ms, found 0 plugins.
Preloading 0 native plugins for Editor in 0,00 ms.
Unloading 6908 Unused Serialized files (Serialized files now loaded: 0)
Unloading 271 unused Assets / (20,4 MB). Loaded Objects now: 7296.
Memory consumption went from 310,5 MB to 290,1 MB.
Total: 35,062439 ms (FindLiveObjects: 1,811840 ms CreateObjectMapping: 1,927213 ms MarkObjects: 12,253627 ms  DeleteObjects: 19,065694 ms)

Prepare: number of updated asset objects reloaded= 0
AssetImportParameters requested are different than current active one (requested -> active):
  custom:container-demuxer-ogg: 62fdf1f143b41e24485cea50d1cbac27 -> 
  custom:container-muxer-webm: aa71ff27fc2769a1b78a27578f13a17b -> 
  custom:video-decoder-webm-vp8: 9c59270c3fd7afecdb556c50c9e8de78 -> 
  custom:SearchIndexIgnoredProperties: e643bd26f0fe6173181afceb89e7c659 -> 
  custom:AudioImporter_EditorPlatform: 2f0ff77a95e0ac474e3e8eeba4e2f7cb -> 
  custom:audio-decoder-ogg-vorbis: bf7c407c2cedff20999df2af8eb42d56 -> 
  custom:audio-encoder-webm-vorbis: bf7c407c2cedff20999df2af8eb42d56 -> 
  custom:video-decoder-ogg-theora: a1e56fd34408186e4bbccfd4996cb3dc -> 
  custom:CustomObjectIndexerAttribute: f3847dcb39c2a616e8d79845aaae36f1 -> 
  custom:container-demuxer-webm: 4f35f7cbe854078d1ac9338744f61a02 -> 
  custom:video-encoder-webm-vp8: eb34c28f22e8b96e1ab97ce403110664 -> 
========================================================================
Received Import Request.
  Time since last request: 5404,517099 seconds.
  path: Assets/Prefabs/Pine_tree1.prefab
  artifactKey: Guid(047f926790b2778d98b761b78c39be30) Importer(815301076,1909f56bfc062723c751e8b465ee728b)
Start importing Assets/Prefabs/Pine_tree1.prefab using Guid(047f926790b2778d98b761b78c39be30) Importer(815301076,1909f56bfc062723c751e8b465ee728b)  -> (artifact id: 'c3941398ccdc933c0c866ae5032a6450') in 0,157274 seconds
Number of updated asset objects reloaded before import = 0
Number of asset objects unloaded after import = 23
========================================================================
Received Import Request.
  Time since last request: 0,000040 seconds.
  path: Assets/Prefabs/Rock1.prefab
  artifactKey: Guid(e00c4dd967ab2b2bba8e704e35343f9e) Importer(815301076,1909f56bfc062723c751e8b465ee728b)
Start importing Assets/Prefabs/Rock1.prefab using Guid(e00c4dd967ab2b2bba8e704e35343f9e) Importer(815301076,1909f56bfc062723c751e8b465ee728b)  -> (artifact id: 'af6a31f8e8e24a3c3a5ed2c3ce24b723') in 0,029427 seconds
Number of updated asset objects reloaded before import = 0
Number of asset objects unloaded after import = 11
========================================================================
Received Import Request.
  Time since last request: 0,000038 seconds.
  path: Assets/Prefabs/Stick3.prefab
  artifactKey: Guid(777e3f5e440fa7deea65a6c35e5909dd) Importer(815301076,1909f56bfc062723c751e8b465ee728b)
Start importing Assets/Prefabs/Stick3.prefab using Guid(777e3f5e440fa7deea65a6c35e5909dd) Importer(815301076,1909f56bfc062723c751e8b465ee728b)  -> (artifact id: 'a82b81d93a1b42b770a0a9229c1009d6') in 0,009993 seconds
Number of updated asset objects reloaded before import = 0
Number of asset objects unloaded after import = 9
========================================================================
Received Prepare
Begin MonoManager ReloadAssembly
- Loaded All Assemblies, in  0,839 seconds
Refreshing native plugins compatible for Editor in 3,54 ms, found 0 plugins.
Native extension for LinuxStandalone target not found
Native extension for WebGL target not found
[Package Manager] Server::EnsureServerProcessIsRunning -- launch failed, reason: Unity was launched with the -noUpm command-line argument
[Package Manager] UpmClient::Send -- Unable to send message (not connected to UPM process).
[Package Manager] Cannot connect to Unity Package Manager local server
Mono: successfully reloaded assembly
- Finished resetting the current domain, in  3,186 seconds
Domain Reload Profiling: 4022ms
	BeginReloadAssembly (251ms)
		ExecutionOrderSort (0ms)
		DisableScriptedObjects (10ms)
		BackupInstance (0ms)
		ReleaseScriptingObjects (0ms)
		CreateAndSetChildDomain (91ms)
	RebuildCommonClasses (75ms)
	RebuildNativeTypeToScriptingClass (19ms)
	initialDomainReloadingComplete (59ms)
	LoadAllAssembliesAndSetupDomain (431ms)
		LoadAssemblies (473ms)
		RebuildTransferFunctionScriptingTraits (0ms)
		AnalyzeDomain (49ms)
			TypeCache.Refresh (15ms)
				TypeCache.ScanAssembly (0ms)
			ScanForSourceGeneratedMonoScriptInfo (0ms)
			ResolveRequiredComponents (30ms)
	FinalizeReload (3187ms)
		ReleaseScriptCaches (0ms)
		RebuildScriptCaches (0ms)
		SetupLoadedEditorAssemblies (1991ms)
			LogAssemblyErrors (0ms)
			InitializePlatformSupportModulesInManaged (16ms)
			SetLoadedEditorAssemblies (10ms)
			RefreshPlugins (0ms)
			BeforeProcessingInitializeOnLoad (174ms)
			ProcessInitializeOnLoadAttributes (1654ms)
			ProcessInitializeOnLoadMethodAttributes (124ms)
			AfterProcessingInitializeOnLoad (13ms)
			EditorAssembliesLoaded (1ms)
		ExecutionOrderSort2 (0ms)
		AwakeInstancesAfterBackupRestoration (14ms)
Shader Hidden/ProbeVolume/VoxelizeScene is not supported: GPU does not support conservative rasterization
Refreshing native plugins compatible for Editor in 5,45 ms, found 0 plugins.
Preloading 0 native plugins for Editor in 0,00 ms.
Unloading 6907 Unused Serialized files (Serialized files now loaded: 0)
Unloading 270 unused Assets / (20,4 MB). Loaded Objects now: 7309.
Memory consumption went from 314,1 MB to 293,7 MB.
Total: 48,420572 ms (FindLiveObjects: 1,376032 ms CreateObjectMapping: 1,515484 ms MarkObjects: 17,019840 ms  DeleteObjects: 28,505862 ms)

Prepare: number of updated asset objects reloaded= 0
AssetImportParameters requested are different than current active one (requested -> active):
  custom:container-demuxer-ogg: 62fdf1f143b41e24485cea50d1cbac27 -> 
  custom:container-muxer-webm: aa71ff27fc2769a1b78a27578f13a17b -> 
  custom:video-decoder-webm-vp8: 9c59270c3fd7afecdb556c50c9e8de78 -> 
  custom:SearchIndexIgnoredProperties: e643bd26f0fe6173181afceb89e7c659 -> 
  custom:AudioImporter_EditorPlatform: 2f0ff77a95e0ac474e3e8eeba4e2f7cb -> 
  custom:audio-decoder-ogg-vorbis: bf7c407c2cedff20999df2af8eb42d56 -> 
  custom:audio-encoder-webm-vorbis: bf7c407c2cedff20999df2af8eb42d56 -> 
  custom:video-decoder-ogg-theora: a1e56fd34408186e4bbccfd4996cb3dc -> 
  custom:CustomObjectIndexerAttribute: f3847dcb39c2a616e8d79845aaae36f1 -> 
  custom:container-demuxer-webm: 4f35f7cbe854078d1ac9338744f61a02 -> 
  custom:video-encoder-webm-vp8: eb34c28f22e8b96e1ab97ce403110664 -> 
========================================================================
Received Prepare
Begin MonoManager ReloadAssembly
- Loaded All Assemblies, in  0,911 seconds
Refreshing native plugins compatible for Editor in 4,26 ms, found 0 plugins.
Native extension for LinuxStandalone target not found
Native extension for WebGL target not found
[Package Manager] Server::EnsureServerProcessIsRunning -- launch failed, reason: Unity was launched with the -noUpm command-line argument
[Package Manager] UpmClient::Send -- Unable to send message (not connected to UPM process).
[Package Manager] Cannot connect to Unity Package Manager local server
Mono: successfully reloaded assembly
- Finished resetting the current domain, in  3,331 seconds
Domain Reload Profiling: 4238ms
	BeginReloadAssembly (251ms)
		ExecutionOrderSort (0ms)
		DisableScriptedObjects (11ms)
		BackupInstance (0ms)
		ReleaseScriptingObjects (0ms)
		CreateAndSetChildDomain (88ms)
	RebuildCommonClasses (75ms)
	RebuildNativeTypeToScriptingClass (25ms)
	initialDomainReloadingComplete (66ms)
	LoadAllAssembliesAndSetupDomain (490ms)
		LoadAssemblies (533ms)
		RebuildTransferFunctionScriptingTraits (0ms)
		AnalyzeDomain (52ms)
			TypeCache.Refresh (16ms)
				TypeCache.ScanAssembly (0ms)
			ScanForSourceGeneratedMonoScriptInfo (0ms)
			ResolveRequiredComponents (33ms)
	FinalizeReload (3332ms)
		ReleaseScriptCaches (0ms)
		RebuildScriptCaches (0ms)
		SetupLoadedEditorAssemblies (2090ms)
			LogAssemblyErrors (0ms)
			InitializePlatformSupportModulesInManaged (14ms)
			SetLoadedEditorAssemblies (8ms)
			RefreshPlugins (0ms)
			BeforeProcessingInitializeOnLoad (182ms)
			ProcessInitializeOnLoadAttributes (1752ms)
			ProcessInitializeOnLoadMethodAttributes (120ms)
			AfterProcessingInitializeOnLoad (14ms)
			EditorAssembliesLoaded (1ms)
		ExecutionOrderSort2 (0ms)
		AwakeInstancesAfterBackupRestoration (12ms)
Shader Hidden/ProbeVolume/VoxelizeScene is not supported: GPU does not support conservative rasterization
Refreshing native plugins compatible for Editor in 7,58 ms, found 0 plugins.
Preloading 0 native plugins for Editor in 0,00 ms.
Unloading 6907 Unused Serialized files (Serialized files now loaded: 0)
Unloading 270 unused Assets / (20,4 MB). Loaded Objects now: 7312.
Memory consumption went from 316,1 MB to 295,7 MB.
Total: 40,658121 ms (FindLiveObjects: 1,139986 ms CreateObjectMapping: 1,468736 ms MarkObjects: 15,384957 ms  DeleteObjects: 22,660551 ms)

Prepare: number of updated asset objects reloaded= 0
AssetImportParameters requested are different than current active one (requested -> active):
  custom:container-demuxer-ogg: 62fdf1f143b41e24485cea50d1cbac27 -> 
  custom:container-muxer-webm: aa71ff27fc2769a1b78a27578f13a17b -> 
  custom:video-decoder-webm-vp8: 9c59270c3fd7afecdb556c50c9e8de78 -> 
  custom:SearchIndexIgnoredProperties: e643bd26f0fe6173181afceb89e7c659 -> 
  custom:AudioImporter_EditorPlatform: 2f0ff77a95e0ac474e3e8eeba4e2f7cb -> 
  custom:audio-decoder-ogg-vorbis: bf7c407c2cedff20999df2af8eb42d56 -> 
  custom:audio-encoder-webm-vorbis: bf7c407c2cedff20999df2af8eb42d56 -> 
  custom:video-decoder-ogg-theora: a1e56fd34408186e4bbccfd4996cb3dc -> 
  custom:CustomObjectIndexerAttribute: f3847dcb39c2a616e8d79845aaae36f1 -> 
  custom:container-demuxer-webm: 4f35f7cbe854078d1ac9338744f61a02 -> 
  custom:video-encoder-webm-vp8: eb34c28f22e8b96e1ab97ce403110664 -> 
========================================================================
Received Import Request.
  Time since last request: 2309,220659 seconds.
  path: Assets/PBR_Rock_Cliffs_Pack/Prefabs/Static_Stone_Prefabs/CrackyCliffs_Stone_Prefabs_Static/Static_CrackyCliffs_LargeStone_2.prefab
  artifactKey: Guid(c035b4badb5effa4fb7abd0cd140bdbf) Importer(815301076,1909f56bfc062723c751e8b465ee728b)
Start importing Assets/PBR_Rock_Cliffs_Pack/Prefabs/Static_Stone_Prefabs/CrackyCliffs_Stone_Prefabs_Static/Static_CrackyCliffs_LargeStone_2.prefab using Guid(c035b4badb5effa4fb7abd0cd140bdbf) Importer(815301076,1909f56bfc062723c751e8b465ee728b)  -> (artifact id: 'd19f946348954b7c85561480ab58a8b8') in 0,115910 seconds
Number of updated asset objects reloaded before import = 0
Number of asset objects unloaded after import = 12
========================================================================
Received Import Request.
  Time since last request: 0,000026 seconds.
  path: Assets/PBR_Rock_Cliffs_Pack/Prefabs/Static_Stone_Prefabs/CrackyCliffs_Stone_Prefabs_Static/Static_CrackyCliffs_LargeStone_5.prefab
  artifactKey: Guid(1258d6e2f69320f4e8408dab718ad15a) Importer(815301076,1909f56bfc062723c751e8b465ee728b)
Start importing Assets/PBR_Rock_Cliffs_Pack/Prefabs/Static_Stone_Prefabs/CrackyCliffs_Stone_Prefabs_Static/Static_CrackyCliffs_LargeStone_5.prefab using Guid(1258d6e2f69320f4e8408dab718ad15a) Importer(815301076,1909f56bfc062723c751e8b465ee728b)  -> (artifact id: 'd616f10bdf602d95f3978666b88ecdf4') in 0,015391 seconds
Number of updated asset objects reloaded before import = 0
Number of asset objects unloaded after import = 12
========================================================================
Received Import Request.
  Time since last request: 0,000062 seconds.
  path: Assets/PBR_Rock_Cliffs_Pack/Prefabs/Static_Stone_Prefabs/CrackyCliffs_Stone_Prefabs_Static/Static_CrackyCliffs_LargeStone_6.prefab
  artifactKey: Guid(8d3016e4a0349314bab1a4154462084c) Importer(815301076,1909f56bfc062723c751e8b465ee728b)
Start importing Assets/PBR_Rock_Cliffs_Pack/Prefabs/Static_Stone_Prefabs/CrackyCliffs_Stone_Prefabs_Static/Static_CrackyCliffs_LargeStone_6.prefab using Guid(8d3016e4a0349314bab1a4154462084c) Importer(815301076,1909f56bfc062723c751e8b465ee728b)  -> (artifact id: '8e208ae993b76bddaa4d549f66f96c5b') in 0,017848 seconds
Number of updated asset objects reloaded before import = 0
Number of asset objects unloaded after import = 12
========================================================================
Received Import Request.
  Time since last request: 0,000051 seconds.
  path: Assets/PBR_Rock_Cliffs_Pack/Prefabs/Static_Stone_Prefabs/CrackyCliffs_Stone_Prefabs_Static/Static_CrackyCliffs_SmallStone_6.prefab
  artifactKey: Guid(ba2ae762fd6c97547b4423f337e9bf8c) Importer(815301076,1909f56bfc062723c751e8b465ee728b)
Start importing Assets/PBR_Rock_Cliffs_Pack/Prefabs/Static_Stone_Prefabs/CrackyCliffs_Stone_Prefabs_Static/Static_CrackyCliffs_SmallStone_6.prefab using Guid(ba2ae762fd6c97547b4423f337e9bf8c) Importer(815301076,1909f56bfc062723c751e8b465ee728b)  -> (artifact id: 'c1cacb5cf44e35d9e54fb7bc69d34c33') in 0,020877 seconds
Number of updated asset objects reloaded before import = 0
Number of asset objects unloaded after import = 12
========================================================================
Received Import Request.
  Time since last request: 0,000028 seconds.
  path: Assets/PBR_Rock_Cliffs_Pack/Prefabs/Static_Stone_Prefabs/CrackyCliffs_Stone_Prefabs_Static/Static_CrackyCliffs_SmallStone_2.prefab
  artifactKey: Guid(b61f182c78c7493449cdfa1ea748e3fb) Importer(815301076,1909f56bfc062723c751e8b465ee728b)
Start importing Assets/PBR_Rock_Cliffs_Pack/Prefabs/Static_Stone_Prefabs/CrackyCliffs_Stone_Prefabs_Static/Static_CrackyCliffs_SmallStone_2.prefab using Guid(b61f182c78c7493449cdfa1ea748e3fb) Importer(815301076,1909f56bfc062723c751e8b465ee728b)  -> (artifact id: '63c07251cfbe49ba88ac608199718b25') in 0,021790 seconds
Number of updated asset objects reloaded before import = 0
Number of asset objects unloaded after import = 12
========================================================================
Received Import Request.
  Time since last request: 0,000031 seconds.
  path: Assets/PBR_Rock_Cliffs_Pack/Prefabs/Static_Stone_Prefabs/CrackyCliffs_Stone_Prefabs_Static/Static_CrackyCliffs_MediumStone_12.prefab
  artifactKey: Guid(6e68c7c4d686b364aa51ec81616aac39) Importer(815301076,1909f56bfc062723c751e8b465ee728b)
Start importing Assets/PBR_Rock_Cliffs_Pack/Prefabs/Static_Stone_Prefabs/CrackyCliffs_Stone_Prefabs_Static/Static_CrackyCliffs_MediumStone_12.prefab using Guid(6e68c7c4d686b364aa51ec81616aac39) Importer(815301076,1909f56bfc062723c751e8b465ee728b)  -> (artifact id: '1725a31bd37340040acbcb628942a173') in 0,021190 seconds
Number of updated asset objects reloaded before import = 0
Number of asset objects unloaded after import = 12
========================================================================
Received Import Request.
  Time since last request: 0,000024 seconds.
  path: Assets/PBR_Rock_Cliffs_Pack/Prefabs/Static_Stone_Prefabs/CrackyCliffs_Stone_Prefabs_Static/Static_CrackyCliffs_MediumStone_10.prefab
  artifactKey: Guid(389f824bde4492e44a8890b239e95b31) Importer(815301076,1909f56bfc062723c751e8b465ee728b)
Start importing Assets/PBR_Rock_Cliffs_Pack/Prefabs/Static_Stone_Prefabs/CrackyCliffs_Stone_Prefabs_Static/Static_CrackyCliffs_MediumStone_10.prefab using Guid(389f824bde4492e44a8890b239e95b31) Importer(815301076,1909f56bfc062723c751e8b465ee728b)  -> (artifact id: 'a7221eebfd80251c2a213feec16bdead') in 0,021642 seconds
Number of updated asset objects reloaded before import = 0
Number of asset objects unloaded after import = 12
========================================================================
Received Import Request.
  Time since last request: 0,000031 seconds.
  path: Assets/PBR_Rock_Cliffs_Pack/Prefabs/Static_Stone_Prefabs/CrackyCliffs_Stone_Prefabs_Static/Static_CrackyCliffs_MediumStone_3.prefab
  artifactKey: Guid(2d901a34185cb7f41ade25164a2e4442) Importer(815301076,1909f56bfc062723c751e8b465ee728b)
Start importing Assets/PBR_Rock_Cliffs_Pack/Prefabs/Static_Stone_Prefabs/CrackyCliffs_Stone_Prefabs_Static/Static_CrackyCliffs_MediumStone_3.prefab using Guid(2d901a34185cb7f41ade25164a2e4442) Importer(815301076,1909f56bfc062723c751e8b465ee728b)  -> (artifact id: 'b06902041ab5075def7e3568d570a6cc') in 0,025074 seconds
Number of updated asset objects reloaded before import = 0
Number of asset objects unloaded after import = 12
========================================================================
Received Import Request.
  Time since last request: 0,000041 seconds.
  path: Assets/PBR_Rock_Cliffs_Pack/Prefabs/Static_Stone_Prefabs/CrackyCliffs_Stone_Prefabs_Static/Static_CrackyCliffs_MediumStone_2.prefab
  artifactKey: Guid(12dcab74542d1a64fa4f3179477267c1) Importer(815301076,1909f56bfc062723c751e8b465ee728b)
Start importing Assets/PBR_Rock_Cliffs_Pack/Prefabs/Static_Stone_Prefabs/CrackyCliffs_Stone_Prefabs_Static/Static_CrackyCliffs_MediumStone_2.prefab using Guid(12dcab74542d1a64fa4f3179477267c1) Importer(815301076,1909f56bfc062723c751e8b465ee728b)  -> (artifact id: '31fa1751f2577f1d80ad2874e200e02f') in 0,019824 seconds
Number of updated asset objects reloaded before import = 0
Number of asset objects unloaded after import = 12
========================================================================
Received Import Request.
  Time since last request: 0,000048 seconds.
  path: Assets/PBR_Rock_Cliffs_Pack/Prefabs/Static_Stone_Prefabs/CrackyCliffs_Stone_Prefabs_Static/Static_CrackyCliffs_MediumStone_9.prefab
  artifactKey: Guid(b2db53771c5af0c42867f13dd323338e) Importer(815301076,1909f56bfc062723c751e8b465ee728b)
Start importing Assets/PBR_Rock_Cliffs_Pack/Prefabs/Static_Stone_Prefabs/CrackyCliffs_Stone_Prefabs_Static/Static_CrackyCliffs_MediumStone_9.prefab using Guid(b2db53771c5af0c42867f13dd323338e) Importer(815301076,1909f56bfc062723c751e8b465ee728b)  -> (artifact id: 'ec4799b84f42cbd2c90c1fd81a15eb34') in 0,020173 seconds
Number of updated asset objects reloaded before import = 0
Number of asset objects unloaded after import = 12
========================================================================
Received Import Request.
  Time since last request: 0,000032 seconds.
  path: Assets/PBR_Rock_Cliffs_Pack/Prefabs/Static_Stone_Prefabs/CrackyCliffs_Stone_Prefabs_Static/Static_CrackyCliffs_LargeStone_4.prefab
  artifactKey: Guid(fbddb2f59a16f6a4cb6e5971c637445a) Importer(815301076,1909f56bfc062723c751e8b465ee728b)
Start importing Assets/PBR_Rock_Cliffs_Pack/Prefabs/Static_Stone_Prefabs/CrackyCliffs_Stone_Prefabs_Static/Static_CrackyCliffs_LargeStone_4.prefab using Guid(fbddb2f59a16f6a4cb6e5971c637445a) Importer(815301076,1909f56bfc062723c751e8b465ee728b)  -> (artifact id: 'a0a5058b6a682c801995458a7f1eb7f4') in 0,021808 seconds
Number of updated asset objects reloaded before import = 0
Number of asset objects unloaded after import = 12
========================================================================
Received Import Request.
  Time since last request: 0,000036 seconds.
  path: Assets/PBR_Rock_Cliffs_Pack/Prefabs/Static_Stone_Prefabs/CrackyCliffs_Stone_Prefabs_Static/Static_CrackyCliffs_SmallStone_4.prefab
  artifactKey: Guid(434a0e077a2da3447a2c4fd6beaf3628) Importer(815301076,1909f56bfc062723c751e8b465ee728b)
Start importing Assets/PBR_Rock_Cliffs_Pack/Prefabs/Static_Stone_Prefabs/CrackyCliffs_Stone_Prefabs_Static/Static_CrackyCliffs_SmallStone_4.prefab using Guid(434a0e077a2da3447a2c4fd6beaf3628) Importer(815301076,1909f56bfc062723c751e8b465ee728b)  -> (artifact id: '6dbdc3f2369d23d1e894757d63fb0790') in 0,024094 seconds
Number of updated asset objects reloaded before import = 0
Number of asset objects unloaded after import = 12
========================================================================
Received Import Request.
  Time since last request: 0,319698 seconds.
  path: Assets/PBR_Rock_Cliffs_Pack/Prefabs/Static_Stone_Prefabs/Cliffs_Stone_Prefabs_Static/Static_Cliffs_LargeStone_2.prefab
  artifactKey: Guid(a140891b115c2184093c78dc817521e0) Importer(815301076,1909f56bfc062723c751e8b465ee728b)
Start importing Assets/PBR_Rock_Cliffs_Pack/Prefabs/Static_Stone_Prefabs/Cliffs_Stone_Prefabs_Static/Static_Cliffs_LargeStone_2.prefab using Guid(a140891b115c2184093c78dc817521e0) Importer(815301076,1909f56bfc062723c751e8b465ee728b)  -> (artifact id: 'bf549374fb38048a69493a5613087b8b') in 0,043313 seconds
Number of updated asset objects reloaded before import = 0
Number of asset objects unloaded after import = 12
========================================================================
Received Import Request.
  Time since last request: 0,000044 seconds.
  path: Assets/PBR_Rock_Cliffs_Pack/Prefabs/Static_Stone_Prefabs/Cliffs_Stone_Prefabs_Static/Static_Cliffs_SmallStone_4.prefab
  artifactKey: Guid(4ef41b563c47c94418cb546ac7f663e3) Importer(815301076,1909f56bfc062723c751e8b465ee728b)
Start importing Assets/PBR_Rock_Cliffs_Pack/Prefabs/Static_Stone_Prefabs/Cliffs_Stone_Prefabs_Static/Static_Cliffs_SmallStone_4.prefab using Guid(4ef41b563c47c94418cb546ac7f663e3) Importer(815301076,1909f56bfc062723c751e8b465ee728b)  -> (artifact id: '21ce00bedd33b1e7940e0bbe7b5aace4') in 0,034672 seconds
Number of updated asset objects reloaded before import = 0
Number of asset objects unloaded after import = 12
========================================================================
Received Import Request.
  Time since last request: 0,000032 seconds.
  path: Assets/PBR_Rock_Cliffs_Pack/Prefabs/Static_Stone_Prefabs/Cliffs_Stone_Prefabs_Static/Static_Cliffs_MediumStone_4.prefab
  artifactKey: Guid(fb612bb4216a1ed4d8ac37c03853fe44) Importer(815301076,1909f56bfc062723c751e8b465ee728b)
Start importing Assets/PBR_Rock_Cliffs_Pack/Prefabs/Static_Stone_Prefabs/Cliffs_Stone_Prefabs_Static/Static_Cliffs_MediumStone_4.prefab using Guid(fb612bb4216a1ed4d8ac37c03853fe44) Importer(815301076,1909f56bfc062723c751e8b465ee728b)  -> (artifact id: '013af123a7984b9930c712dd688a0092') in 0,025184 seconds
Number of updated asset objects reloaded before import = 0
Number of asset objects unloaded after import = 12
========================================================================
Received Import Request.
  Time since last request: 0,000034 seconds.
  path: Assets/PBR_Rock_Cliffs_Pack/Prefabs/Static_Stone_Prefabs/Cliffs_Stone_Prefabs_Static/Static_Cliffs_MediumStone_7.prefab
  artifactKey: Guid(34279be0db97e3846a2098f9b7ea63dd) Importer(815301076,1909f56bfc062723c751e8b465ee728b)
Start importing Assets/PBR_Rock_Cliffs_Pack/Prefabs/Static_Stone_Prefabs/Cliffs_Stone_Prefabs_Static/Static_Cliffs_MediumStone_7.prefab using Guid(34279be0db97e3846a2098f9b7ea63dd) Importer(815301076,1909f56bfc062723c751e8b465ee728b)  -> (artifact id: '49edbb29abac610a2aa2b027d12fcbed') in 0,025023 seconds
Number of updated asset objects reloaded before import = 0
Number of asset objects unloaded after import = 12
========================================================================
Received Import Request.
  Time since last request: 0,000033 seconds.
  path: Assets/PBR_Rock_Cliffs_Pack/Prefabs/Static_Stone_Prefabs/Cliffs_Stone_Prefabs_Static/Static_Cliffs_MediumStone_3.prefab
  artifactKey: Guid(f0d546b5f0adf7447986190f72ed7ac4) Importer(815301076,1909f56bfc062723c751e8b465ee728b)
Start importing Assets/PBR_Rock_Cliffs_Pack/Prefabs/Static_Stone_Prefabs/Cliffs_Stone_Prefabs_Static/Static_Cliffs_MediumStone_3.prefab using Guid(f0d546b5f0adf7447986190f72ed7ac4) Importer(815301076,1909f56bfc062723c751e8b465ee728b)  -> (artifact id: 'f461ec2190db4e2d0a3dcaf62db84c80') in 0,021872 seconds
Number of updated asset objects reloaded before import = 0
Number of asset objects unloaded after import = 12
========================================================================
Received Import Request.
  Time since last request: 0,000049 seconds.
  path: Assets/PBR_Rock_Cliffs_Pack/Prefabs/Static_Stone_Prefabs/Cliffs_Stone_Prefabs_Static/Static_Cliffs_SmallStone_5.prefab
  artifactKey: Guid(de61a8fa07dffb440b3eb80f7463b8b1) Importer(815301076,1909f56bfc062723c751e8b465ee728b)
Start importing Assets/PBR_Rock_Cliffs_Pack/Prefabs/Static_Stone_Prefabs/Cliffs_Stone_Prefabs_Static/Static_Cliffs_SmallStone_5.prefab using Guid(de61a8fa07dffb440b3eb80f7463b8b1) Importer(815301076,1909f56bfc062723c751e8b465ee728b)  -> (artifact id: 'e6ba3b4e29ef24501eceb1ae4c971aa7') in 0,022467 seconds
Number of updated asset objects reloaded before import = 0
Number of asset objects unloaded after import = 12
========================================================================
Received Import Request.
  Time since last request: 0,000032 seconds.
  path: Assets/PBR_Rock_Cliffs_Pack/Prefabs/Static_Stone_Prefabs/Cliffs_Stone_Prefabs_Static/Static_Cliffs_LargeStone_6.prefab
  artifactKey: Guid(6c67bc8b3a492b540804e9467ccc2c16) Importer(815301076,1909f56bfc062723c751e8b465ee728b)
Start importing Assets/PBR_Rock_Cliffs_Pack/Prefabs/Static_Stone_Prefabs/Cliffs_Stone_Prefabs_Static/Static_Cliffs_LargeStone_6.prefab using Guid(6c67bc8b3a492b540804e9467ccc2c16) Importer(815301076,1909f56bfc062723c751e8b465ee728b)  -> (artifact id: 'dcd30354fb63db63a37c70dccc3eb83b') in 0,021799 seconds
Number of updated asset objects reloaded before import = 0
Number of asset objects unloaded after import = 12
========================================================================
Received Import Request.
  Time since last request: 0,000032 seconds.
  path: Assets/PBR_Rock_Cliffs_Pack/Prefabs/Static_Stone_Prefabs/Cliffs_Stone_Prefabs_Static/Static_Cliffs_SmallStone_3.prefab
  artifactKey: Guid(46ddf2611c8d7f8498347c6079bf0a1f) Importer(815301076,1909f56bfc062723c751e8b465ee728b)
Start importing Assets/PBR_Rock_Cliffs_Pack/Prefabs/Static_Stone_Prefabs/Cliffs_Stone_Prefabs_Static/Static_Cliffs_SmallStone_3.prefab using Guid(46ddf2611c8d7f8498347c6079bf0a1f) Importer(815301076,1909f56bfc062723c751e8b465ee728b)  -> (artifact id: 'ba718a83cc0b93704a107fba0b4279a4') in 0,022676 seconds
Number of updated asset objects reloaded before import = 0
Number of asset objects unloaded after import = 12
========================================================================
Received Import Request.
  Time since last request: 0,000034 seconds.
  path: Assets/PBR_Rock_Cliffs_Pack/Prefabs/Static_Stone_Prefabs/Cliffs_Stone_Prefabs_Static/Static_Cliffs_SmallStone_6.prefab
  artifactKey: Guid(1e906973a46050141ad8cdfacaea367d) Importer(815301076,1909f56bfc062723c751e8b465ee728b)
Start importing Assets/PBR_Rock_Cliffs_Pack/Prefabs/Static_Stone_Prefabs/Cliffs_Stone_Prefabs_Static/Static_Cliffs_SmallStone_6.prefab using Guid(1e906973a46050141ad8cdfacaea367d) Importer(815301076,1909f56bfc062723c751e8b465ee728b)  -> (artifact id: '278f6a6d1e4c7e99235b99e7e9983c7f') in 0,018054 seconds
Number of updated asset objects reloaded before import = 0
Number of asset objects unloaded after import = 12
========================================================================
Received Import Request.
  Time since last request: 0,000041 seconds.
  path: Assets/PBR_Rock_Cliffs_Pack/Prefabs/Static_Stone_Prefabs/Cliffs_Stone_Prefabs_Static/Static_Cliffs_MediumStone_5.prefab
  artifactKey: Guid(5c0292a3a77d8844faca7bee78ec662c) Importer(815301076,1909f56bfc062723c751e8b465ee728b)
Start importing Assets/PBR_Rock_Cliffs_Pack/Prefabs/Static_Stone_Prefabs/Cliffs_Stone_Prefabs_Static/Static_Cliffs_MediumStone_5.prefab using Guid(5c0292a3a77d8844faca7bee78ec662c) Importer(815301076,1909f56bfc062723c751e8b465ee728b)  -> (artifact id: '0a216cb9ef5dd7d148b593c7c3b20792') in 0,024862 seconds
Number of updated asset objects reloaded before import = 0
Number of asset objects unloaded after import = 12
========================================================================
Received Import Request.
  Time since last request: 0,000037 seconds.
  path: Assets/PBR_Rock_Cliffs_Pack/Prefabs/Static_Stone_Prefabs/Cliffs_Stone_Prefabs_Static/Static_Cliffs_MediumStone_2.prefab
  artifactKey: Guid(ae886999350dab94aa193e96bf00b250) Importer(815301076,1909f56bfc062723c751e8b465ee728b)
Start importing Assets/PBR_Rock_Cliffs_Pack/Prefabs/Static_Stone_Prefabs/Cliffs_Stone_Prefabs_Static/Static_Cliffs_MediumStone_2.prefab using Guid(ae886999350dab94aa193e96bf00b250) Importer(815301076,1909f56bfc062723c751e8b465ee728b)  -> (artifact id: 'b30c52ee3856758bea9a1c431999bf57') in 0,020136 seconds
Number of updated asset objects reloaded before import = 0
Number of asset objects unloaded after import = 12
========================================================================
Received Import Request.
  Time since last request: 0,000090 seconds.
  path: Assets/PBR_Rock_Cliffs_Pack/Prefabs/Static_Stone_Prefabs/Cliffs_Stone_Prefabs_Static/Static_Cliffs_SmallStone_1.prefab
  artifactKey: Guid(0252cf104a1c2234aa098ceb9cbc82e8) Importer(815301076,1909f56bfc062723c751e8b465ee728b)
Start importing Assets/PBR_Rock_Cliffs_Pack/Prefabs/Static_Stone_Prefabs/Cliffs_Stone_Prefabs_Static/Static_Cliffs_SmallStone_1.prefab using Guid(0252cf104a1c2234aa098ceb9cbc82e8) Importer(815301076,1909f56bfc062723c751e8b465ee728b)  -> (artifact id: 'bb13a5b335fb3e0b7fbadfde98e4c5a0') in 0,022028 seconds
Number of updated asset objects reloaded before import = 0
Number of asset objects unloaded after import = 12
========================================================================
Received Import Request.
  Time since last request: 6,107785 seconds.
  path: Assets/Prefabs/All/Stone.prefab
  artifactKey: Guid(27782b1d0840878f8bbbaf6ca1d47fbf) Importer(815301076,1909f56bfc062723c751e8b465ee728b)
Start importing Assets/Prefabs/All/Stone.prefab using Guid(27782b1d0840878f8bbbaf6ca1d47fbf) Importer(815301076,1909f56bfc062723c751e8b465ee728b)  -> (artifact id: '50d3a4f254aca3af5e9f1a6fdc29589e') in 0,018757 seconds
Number of updated asset objects reloaded before import = 0
Number of asset objects unloaded after import = 25
========================================================================
Received Import Request.
  Time since last request: 0,000017 seconds.
  path: Assets/Prefabs/All/Stone 2.prefab
  artifactKey: Guid(060f1f40bde625e798f8d2b699e6f0fc) Importer(815301076,1909f56bfc062723c751e8b465ee728b)
Start importing Assets/Prefabs/All/Stone 2.prefab using Guid(060f1f40bde625e798f8d2b699e6f0fc) Importer(815301076,1909f56bfc062723c751e8b465ee728b)  -> (artifact id: 'c579afd89af3ca63defef2bb5ae64490') in 0,008960 seconds
Number of updated asset objects reloaded before import = 0
Number of asset objects unloaded after import = 25
